<?xml version="1.0" encoding="UTF-8"?>
<!-- Generated by org.testng.reporters.JUnitXMLReporter -->
<testsuite hostname="W1751697" ignored="0" name="Test" tests="4" failures="0" timestamp="17 Sep 2019 15:01:46 GMT" time="0.134" errors="0">
  <testcase name="BrowseAutomation" time="0.022" classname="Udemy.seleniumTest"/>
  <testcase name="ElementsUi" time="0.007" classname="Udemy.seleniumTest"/>
  <testcase name="IOSapps" time="0.002" classname="Udemy.appiumTest"/>
  <testcase name="nativeappandroid" time="0.002" classname="Udemy.appiumTest"/>
</testsuite> <!-- Test -->
