<?xml version="1.0" encoding="UTF-8"?>
<!-- Generated by org.testng.reporters.JUnitXMLReporter -->
<testsuite ignored="0" hostname="W1751697" failures="0" tests="6" name="Command line test" time="0.056" errors="0" timestamp="18 Sep 2019 08:30:54 GMT">
  <testcase classname="Udemy.appiumTest" name="IOSapps" time="0.012"/>
  <testcase classname="Udemy.appiumTest" name="nativeappandroid" time="0.001"/>
  <testcase classname="Udemy.restapiTest" name="Deletetwitter" time="0.001"/>
  <testcase classname="Udemy.restapiTest" name="postJira" time="0.001"/>
  <testcase classname="Udemy.seleniumTest" name="BrowseAutomation" time="0.001"/>
  <testcase classname="Udemy.seleniumTest" name="ElementsUi" time="0.0"/>
</testsuite> <!-- Command line test -->
