<?xml version="1.0" encoding="UTF-8"?>
<!-- Generated by org.testng.reporters.JUnitXMLReporter -->
<testsuite ignored="0" hostname="W1751697" failures="0" tests="4" name="Test" time="0.047" errors="0" timestamp="31 Aug 2019 12:12:15 GMT">
  <testcase classname="Udemy.seleniumTest" name="BrowseAutomation" time="0.015"/>
  <testcase classname="Udemy.seleniumTest" name="ElementsUi" time="0.0"/>
  <testcase classname="Udemy.appiumTest" name="IOSapps" time="0.0"/>
  <testcase classname="Udemy.appiumTest" name="nativeappandroid" time="0.0"/>
</testsuite> <!-- Test -->
